<?xml version="1.0" encoding="UTF-8"?>
<testsuite name="parser.BankStatementCSVParserTest" tests="1" skipped="0" failures="0" errors="0" timestamp="2022-02-20T06:05:00" hostname="A202111076.local" time="0.031">
  <properties/>
  <testcase name="shouldParseOneCorrectLine()" classname="parser.BankStatementCSVParserTest" time="0.031"/>
  <system-out><![CDATA[]]></system-out>
  <system-err><![CDATA[]]></system-err>
</testsuite>
